<?xml version="1.0" encoding="UTF-8"?>
<!-- Generated by org.testng.reporters.JUnitReportReporter -->
<testsuite hostname="DESKTOP-011GP67" failures="0" tests="1" name="org.example.TestRunner.runners" time="12.394" errors="0" timestamp="2023-09-16T06:45:46 EET" skipped="0">
  <testcase classname="org.example.TestRunner.runners" name="runScenario" time="12.394"/>
  <system-out/>
</testsuite> <!-- org.example.TestRunner.runners -->
